<?xml version="1.0" encoding="UTF-8"?>
<!-- Generated by org.testng.reporters.JUnitReportReporter -->
<testsuite hostname="DESKTOP-1CCS179" failures="0" tests="2" name="com.opencart.testlayer.LoginTest" time="30.358" errors="0" timestamp="2024-09-06T10:01:44 IST" skipped="0">
  <testcase classname="com.opencart.testlayer.LoginTest" name="verifyLoginWithValidDetails" time="8.873"/>
  <system-out/>
  <testcase classname="com.opencart.testlayer.LoginTest" name="verifyLoginWithInValidDetails" time="21.485"/>
  <system-out/>
</testsuite> <!-- com.opencart.testlayer.LoginTest -->
