<?xml version="1.0" encoding="UTF-8"?>
<!-- Generated by org.testng.reporters.JUnitReportReporter -->
<testsuite hostname="DESKTOP-1CCS179" failures="0" tests="1" name="com.opencart.testlayer.AddressTest" time="12.539" errors="0" timestamp="2024-09-06T10:11:02 IST" skipped="0">
  <testcase classname="com.opencart.testlayer.AddressTest" name="verifyAddingNewAddress" time="12.539"/>
  <system-out/>
</testsuite> <!-- com.opencart.testlayer.AddressTest -->
