<?xml version="1.0" encoding="UTF-8"?>
<!-- Generated by org.testng.reporters.JUnitReportReporter -->
<testsuite hostname="DESKTOP-1CCS179" failures="0" tests="2" name="com.opencart.testlayer.RegisterTest" time="22.035" errors="0" timestamp="2024-09-06T10:08:02 IST" skipped="0">
  <testcase classname="com.opencart.testlayer.RegisterTest" name="verifyRegisterWithValidDetails" time="13.995"/>
  <system-out/>
  <testcase classname="com.opencart.testlayer.RegisterTest" name="verifyRegisterWithAlreadyExistingEmail" time="8.040"/>
  <system-out/>
</testsuite> <!-- com.opencart.testlayer.RegisterTest -->
